This file contains any messages produced by compilers while
running configure, to aid debugging if configure makes a mistake.

It was created by libdvbpsi configure 1.3.1, which was
generated by GNU Autoconf 2.63.  Invocation command line was

  $ ./configure --prefix=/mnt/hgfs/libtr101290/deps/libdvbpsi-1.3.1/sdk/

## --------- ##
## Platform. ##
## --------- ##

hostname = bogon
uname -m = x86_64
uname -r = 2.6.32-220.el6.x86_64
uname -s = Linux
uname -v = #1 SMP Tue Dec 6 19:48:22 GMT 2011

/usr/bin/uname -p = unknown
/bin/uname -X     = unknown

/bin/arch              = x86_64
/usr/bin/arch -k       = unknown
/usr/convex/getsysinfo = unknown
/usr/bin/hostinfo      = unknown
/bin/machine           = unknown
/usr/bin/oslevel       = unknown
/bin/universe          = unknown

PATH: /home/elva/.autojump/bin
PATH: /usr/lib64/qt-3.3/bin
PATH: /usr/local/bin
PATH: /bin
PATH: /usr/bin
PATH: /usr/local/sbin
PATH: /usr/sbin
PATH: /sbin
PATH: /home/elva/bin


## ----------- ##
## Core tests. ##
## ----------- ##

configure:2071: checking build system type
configure:2089: result: x86_64-unknown-linux-gnu
configure:2111: checking host system type
configure:2126: result: x86_64-unknown-linux-gnu
configure:2148: checking target system type
configure:2163: result: x86_64-unknown-linux-gnu
configure:2209: checking for a BSD-compatible install
configure:2277: result: /usr/bin/install -c
configure:2288: checking whether build environment is sane
configure:2348: result: yes
configure:2489: checking for a thread-safe mkdir -p
configure:2528: result: /bin/mkdir -p
configure:2541: checking for gawk
configure:2557: found /bin/gawk
configure:2568: result: gawk
configure:2579: checking whether make sets $(MAKE)
configure:2601: result: yes
configure:2735: checking for gcc
configure:2751: found /usr/bin/gcc
configure:2762: result: gcc
configure:2994: checking for C compiler version
configure:3002: gcc --version >&5
gcc (GCC) 4.4.7 20120313 (Red Hat 4.4.7-17)
Copyright (C) 2010 Free Software Foundation, Inc.
This is free software; see the source for copying conditions.  There is NO
warranty; not even for MERCHANTABILITY or FITNESS FOR A PARTICULAR PURPOSE.

configure:3006: $? = 0
configure:3013: gcc -v >&5
Using built-in specs.
Target: x86_64-redhat-linux
Configured with: ../configure --prefix=/usr --mandir=/usr/share/man --infodir=/usr/share/info --with-bugurl=http://bugzilla.redhat.com/bugzilla --enable-bootstrap --enable-shared --enable-threads=posix --enable-checking=release --with-system-zlib --enable-__cxa_atexit --disable-libunwind-exceptions --enable-gnu-unique-object --enable-languages=c,c++,objc,obj-c++,java,fortran,ada --enable-java-awt=gtk --disable-dssi --with-java-home=/usr/lib/jvm/java-1.5.0-gcj-1.5.0.0/jre --enable-libgcj-multifile --enable-java-maintainer-mode --with-ecj-jar=/usr/share/java/eclipse-ecj.jar --disable-libjava-multilib --with-ppl --with-cloog --with-tune=generic --with-arch_32=i686 --build=x86_64-redhat-linux
Thread model: posix
gcc version 4.4.7 20120313 (Red Hat 4.4.7-17) (GCC) 
configure:3017: $? = 0
configure:3024: gcc -V >&5
gcc: '-V' option must have argument
configure:3028: $? = 1
configure:3051: checking for C compiler default output file name
configure:3073: gcc    conftest.c  >&5
configure:3077: $? = 0
configure:3115: result: a.out
configure:3134: checking whether the C compiler works
configure:3144: ./a.out
configure:3148: $? = 0
configure:3167: result: yes
configure:3174: checking whether we are cross compiling
configure:3176: result: no
configure:3179: checking for suffix of executables
configure:3186: gcc -o conftest    conftest.c  >&5
configure:3190: $? = 0
configure:3216: result: 
configure:3222: checking for suffix of object files
configure:3248: gcc -c   conftest.c >&5
configure:3252: $? = 0
configure:3277: result: o
configure:3281: checking whether we are using the GNU C compiler
configure:3310: gcc -c   conftest.c >&5
configure:3317: $? = 0
configure:3334: result: yes
configure:3343: checking whether gcc accepts -g
configure:3373: gcc -c -g  conftest.c >&5
configure:3380: $? = 0
configure:3481: result: yes
configure:3498: checking for gcc option to accept ISO C89
configure:3572: gcc  -c -g -O2  conftest.c >&5
configure:3579: $? = 0
configure:3602: result: none needed
configure:3631: checking for style of include used by make
configure:3659: result: GNU
configure:3684: checking dependency style of gcc
configure:3794: result: gcc3
configure:3815: checking how to run the C preprocessor
configure:3855: gcc -E  conftest.c
configure:3862: $? = 0
configure:3893: gcc -E  conftest.c
conftest.c:10:28: error: ac_nonexistent.h: No such file or directory
configure:3900: $? = 1
configure: failed program was:
| /* confdefs.h.  */
| #define PACKAGE_NAME "libdvbpsi"
| #define PACKAGE_TARNAME "libdvbpsi"
| #define PACKAGE_VERSION "1.3.1"
| #define PACKAGE_STRING "libdvbpsi 1.3.1"
| #define PACKAGE_BUGREPORT ""
| #define PACKAGE "libdvbpsi"
| #define VERSION "1.3.1"
| /* end confdefs.h.  */
| #include <ac_nonexistent.h>
configure:3933: result: gcc -E
configure:3962: gcc -E  conftest.c
configure:3969: $? = 0
configure:4000: gcc -E  conftest.c
conftest.c:10:28: error: ac_nonexistent.h: No such file or directory
configure:4007: $? = 1
configure: failed program was:
| /* confdefs.h.  */
| #define PACKAGE_NAME "libdvbpsi"
| #define PACKAGE_TARNAME "libdvbpsi"
| #define PACKAGE_VERSION "1.3.1"
| #define PACKAGE_STRING "libdvbpsi 1.3.1"
| #define PACKAGE_BUGREPORT ""
| #define PACKAGE "libdvbpsi"
| #define VERSION "1.3.1"
| /* end confdefs.h.  */
| #include <ac_nonexistent.h>
configure:4047: checking for grep that handles long lines and -e
configure:4107: result: /bin/grep
configure:4112: checking for egrep
configure:4176: result: /bin/grep -E
configure:4181: checking for ANSI C header files
configure:4211: gcc -c -g -O2  conftest.c >&5
configure:4218: $? = 0
configure:4317: gcc -o conftest -g -O2   conftest.c  >&5
configure:4321: $? = 0
configure:4327: ./conftest
configure:4331: $? = 0
configure:4349: result: yes
configure:4359: checking for inline
configure:4385: gcc -c -g -O2  conftest.c >&5
configure:4392: $? = 0
configure:4410: result: inline
configure:4431: checking whether gcc and cc understand -c and -o together
configure:4466: gcc -c conftest.c -o conftest2.o >&5
configure:4470: $? = 0
configure:4476: gcc -c conftest.c -o conftest2.o >&5
configure:4480: $? = 0
configure:4491: cc -c conftest.c >&5
configure:4495: $? = 0
configure:4503: cc -c conftest.c -o conftest2.o >&5
configure:4507: $? = 0
configure:4513: cc -c conftest.c -o conftest2.o >&5
configure:4517: $? = 0
configure:4535: result: yes
configure:4891: checking for a sed that does not truncate output
configure:4957: result: /bin/sed
configure:4975: checking for fgrep
configure:5039: result: /bin/grep -F
configure:5074: checking for ld used by gcc
configure:5141: result: /usr/bin/ld
configure:5150: checking if the linker (/usr/bin/ld) is GNU ld
configure:5165: result: yes
configure:5177: checking for BSD- or MS-compatible name lister (nm)
configure:5226: result: /usr/bin/nm -B
configure:5344: checking the name lister (/usr/bin/nm -B) interface
configure:5351: gcc -c -g -O2  conftest.c >&5
configure:5354: /usr/bin/nm -B "conftest.o"
configure:5357: output
0000000000000000 B some_variable
configure:5364: result: BSD nm
configure:5367: checking whether ln -s works
configure:5371: result: yes
configure:5379: checking the maximum length of command line arguments
configure:5499: result: 1966080
configure:5516: checking whether the shell understands some XSI constructs
configure:5526: result: yes
configure:5530: checking whether the shell understands "+="
configure:5536: result: yes
configure:5571: checking for /usr/bin/ld option to reload object files
configure:5578: result: -r
configure:5647: checking for objdump
configure:5674: result: objdump
configure:5703: checking how to recognize dependent libraries
configure:5899: result: pass_all
configure:5959: checking for ar
configure:5975: found /usr/bin/ar
configure:5986: result: ar
configure:6064: checking for strip
configure:6080: found /usr/bin/strip
configure:6091: result: strip
configure:6163: checking for ranlib
configure:6179: found /usr/bin/ranlib
configure:6190: result: ranlib
configure:6280: checking command to parse /usr/bin/nm -B output from gcc object
configure:6398: gcc -c -g -O2  conftest.c >&5
configure:6401: $? = 0
configure:6405: /usr/bin/nm -B conftest.o \| sed -n -e 's/^.*[	 ]\([ABCDGIRSTW][ABCDGIRSTW]*\)[	 ][	 ]*\([_A-Za-z][_A-Za-z0-9]*\)$/\1 \2 \2/p' \> conftest.nm
configure:6408: $? = 0
configure:6462: gcc -o conftest -g -O2   conftest.c conftstm.o >&5
configure:6465: $? = 0
configure:6503: result: ok
configure:6598: gcc -c -g -O2  conftest.c >&5
configure:6601: $? = 0
configure:7378: checking for sys/types.h
configure:7399: gcc -c -g -O2  conftest.c >&5
configure:7406: $? = 0
configure:7423: result: yes
configure:7378: checking for sys/stat.h
configure:7399: gcc -c -g -O2  conftest.c >&5
configure:7406: $? = 0
configure:7423: result: yes
configure:7378: checking for stdlib.h
configure:7399: gcc -c -g -O2  conftest.c >&5
configure:7406: $? = 0
configure:7423: result: yes
configure:7378: checking for string.h
configure:7399: gcc -c -g -O2  conftest.c >&5
configure:7406: $? = 0
configure:7423: result: yes
configure:7378: checking for memory.h
configure:7399: gcc -c -g -O2  conftest.c >&5
configure:7406: $? = 0
configure:7423: result: yes
configure:7378: checking for strings.h
configure:7399: gcc -c -g -O2  conftest.c >&5
configure:7406: $? = 0
configure:7423: result: yes
configure:7378: checking for inttypes.h
configure:7399: gcc -c -g -O2  conftest.c >&5
configure:7406: $? = 0
configure:7423: result: yes
configure:7378: checking for stdint.h
configure:7399: gcc -c -g -O2  conftest.c >&5
configure:7406: $? = 0
configure:7423: result: yes
configure:7378: checking for unistd.h
configure:7399: gcc -c -g -O2  conftest.c >&5
configure:7406: $? = 0
configure:7423: result: yes
configure:7441: checking for dlfcn.h
configure:7462: gcc -c -g -O2  conftest.c >&5
configure:7469: $? = 0
configure:7486: result: yes
configure:7670: checking for objdir
configure:7685: result: .libs
configure:7981: checking if gcc supports -fno-rtti -fno-exceptions
configure:7999: gcc -c -g -O2  -fno-rtti -fno-exceptions conftest.c >&5
cc1: warning: command line option "-fno-rtti" is valid for C++/ObjC++ but not for C
configure:8003: $? = 0
configure:8016: result: no
configure:8036: checking for gcc option to produce PIC
configure:8308: result: -fPIC -DPIC
configure:8320: checking if gcc PIC flag -fPIC -DPIC works
configure:8338: gcc -c -g -O2  -fPIC -DPIC -DPIC conftest.c >&5
configure:8342: $? = 0
configure:8355: result: yes
configure:8379: checking if gcc static flag -static works
configure:8407: result: no
configure:8422: checking if gcc supports -c -o file.o
configure:8443: gcc -c -g -O2  -o out/conftest2.o conftest.c >&5
configure:8447: $? = 0
configure:8469: result: yes
configure:8477: checking if gcc supports -c -o file.o
configure:8524: result: yes
configure:8557: checking whether the gcc linker (/usr/bin/ld -m elf_x86_64) supports shared libraries
configure:9631: result: yes
configure:9668: checking whether -lc should be explicitly linked in
configure:9673: gcc -c -g -O2  conftest.c >&5
configure:9676: $? = 0
configure:9691: gcc -shared conftest.o  -v -Wl,-soname -Wl,conftest -o conftest 2\>\&1 \| /bin/grep  -lc  \>/dev/null 2\>\&1
configure:9694: $? = 0
configure:9706: result: no
configure:9870: checking dynamic linker characteristics
configure:10313: gcc -o conftest -g -O2   -Wl,-rpath -Wl,/foo conftest.c  >&5
configure:10320: $? = 0
configure:10556: result: GNU/Linux ld.so
configure:10658: checking how to hardcode library paths into programs
configure:10683: result: immediate
configure:11516: checking whether stripping libraries is possible
configure:11521: result: yes
configure:11556: checking if libtool supports shared libraries
configure:11558: result: yes
configure:11561: checking whether to build shared libraries
configure:11582: result: yes
configure:11585: checking whether to build static libraries
configure:11589: result: yes
configure:11726: checking stdbool.h usability
configure:11743: gcc -c -g -O2 -Wall -std=gnu99 -D_GNU_SOURCE -Wpointer-arith -Wcast-align -Wstrict-prototypes -Wshadow -Waggregate-return -Wmissing-prototypes -Wnested-externs -Wsign-compare -Wcast-qual -DDVBPSI_DIST  conftest.c >&5
configure:11750: $? = 0
configure:11764: result: yes
configure:11768: checking stdbool.h presence
configure:11783: gcc -E  conftest.c
configure:11790: $? = 0
configure:11804: result: yes
configure:11832: checking for stdbool.h
configure:11841: result: yes
configure:11715: checking for stdint.h
configure:11722: result: yes
configure:11715: checking for inttypes.h
configure:11722: result: yes
configure:11726: checking getopt.h usability
configure:11743: gcc -c -g -O2 -Wall -std=gnu99 -D_GNU_SOURCE -Wpointer-arith -Wcast-align -Wstrict-prototypes -Wshadow -Waggregate-return -Wmissing-prototypes -Wnested-externs -Wsign-compare -Wcast-qual -DDVBPSI_DIST  conftest.c >&5
configure:11750: $? = 0
configure:11764: result: yes
configure:11768: checking getopt.h presence
configure:11783: gcc -E  conftest.c
configure:11790: $? = 0
configure:11804: result: yes
configure:11832: checking for getopt.h
configure:11841: result: yes
configure:11715: checking for strings.h
configure:11722: result: yes
configure:11726: checking sys/time.h usability
configure:11743: gcc -c -g -O2 -Wall -std=gnu99 -D_GNU_SOURCE -Wpointer-arith -Wcast-align -Wstrict-prototypes -Wshadow -Waggregate-return -Wmissing-prototypes -Wnested-externs -Wsign-compare -Wcast-qual -DDVBPSI_DIST  conftest.c >&5
configure:11750: $? = 0
configure:11764: result: yes
configure:11768: checking sys/time.h presence
configure:11783: gcc -E  conftest.c
configure:11790: $? = 0
configure:11804: result: yes
configure:11832: checking for sys/time.h
configure:11841: result: yes
configure:11873: checking sys/socket.h usability
configure:11890: gcc -c -g -O2 -Wall -std=gnu99 -D_GNU_SOURCE -Wpointer-arith -Wcast-align -Wstrict-prototypes -Wshadow -Waggregate-return -Wmissing-prototypes -Wnested-externs -Wsign-compare -Wcast-qual -DDVBPSI_DIST  conftest.c >&5
configure:11897: $? = 0
configure:11911: result: yes
configure:11915: checking sys/socket.h presence
configure:11930: gcc -E  conftest.c
configure:11937: $? = 0
configure:11951: result: yes
configure:11979: checking for sys/socket.h
configure:11988: result: yes
configure:12016: checking for net/if.h
configure:12040: gcc -c -g -O2 -Wall -std=gnu99 -D_GNU_SOURCE -Wpointer-arith -Wcast-align -Wstrict-prototypes -Wshadow -Waggregate-return -Wmissing-prototypes -Wnested-externs -Wsign-compare -Wcast-qual -DDVBPSI_DIST  conftest.c >&5
configure:12047: $? = 0
configure:12064: result: yes
configure:12078: checking for variadic cpp macros
configure:12105: gcc -c -g -O2 -Wall -std=gnu99 -D_GNU_SOURCE -Wpointer-arith -Wcast-align -Wstrict-prototypes -Wshadow -Waggregate-return -Wmissing-prototypes -Wnested-externs -Wsign-compare -Wcast-qual -DDVBPSI_DIST  conftest.c >&5
conftest.c:34: warning: function declaration isn't a prototype
configure:12112: $? = 0
configure:12127: result: yes
configure:12137: checking for asprintf()
configure:12166: gcc -c -g -O2 -Wall -std=gnu99 -D_GNU_SOURCE -Wpointer-arith -Wcast-align -Wstrict-prototypes -Wshadow -Waggregate-return -Wmissing-prototypes -Wnested-externs -Wsign-compare -Wcast-qual -DDVBPSI_DIST  conftest.c >&5
configure:12173: $? = 0
configure:12188: result: yes
configure:12331: creating ./config.status

## ---------------------- ##
## Running config.status. ##
## ---------------------- ##

This file was extended by libdvbpsi config.status 1.3.1, which was
generated by GNU Autoconf 2.63.  Invocation command line was

  CONFIG_FILES    = 
  CONFIG_HEADERS  = 
  CONFIG_LINKS    = 
  CONFIG_COMMANDS = 
  $ ./config.status 

on bogon

config.status:1012: creating Makefile
config.status:1012: creating src/Makefile
config.status:1012: creating examples/Makefile
config.status:1012: creating examples/dvbinfo/Makefile
config.status:1012: creating misc/Makefile
config.status:1012: creating doc/Makefile
config.status:1012: creating wince/Makefile
config.status:1012: creating libdvbpsi.pc
config.status:1012: creating libdvbpsi.spec
config.status:1012: creating config.h
config.status:1286: executing depfiles commands
config.status:1286: executing libtool commands

## ---------------- ##
## Cache variables. ##
## ---------------- ##

ac_cv_asprintf=yes
ac_cv_build=x86_64-unknown-linux-gnu
ac_cv_c_compiler_gnu=yes
ac_cv_c_inline=inline
ac_cv_cpp_variadic_macros=yes
ac_cv_env_CC_set=
ac_cv_env_CC_value=
ac_cv_env_CFLAGS_set=
ac_cv_env_CFLAGS_value=
ac_cv_env_CPPFLAGS_set=
ac_cv_env_CPPFLAGS_value=
ac_cv_env_CPP_set=
ac_cv_env_CPP_value=
ac_cv_env_LDFLAGS_set=
ac_cv_env_LDFLAGS_value=
ac_cv_env_LIBS_set=
ac_cv_env_LIBS_value=
ac_cv_env_build_alias_set=
ac_cv_env_build_alias_value=
ac_cv_env_host_alias_set=
ac_cv_env_host_alias_value=
ac_cv_env_target_alias_set=
ac_cv_env_target_alias_value=
ac_cv_header_dlfcn_h=yes
ac_cv_header_getopt_h=yes
ac_cv_header_inttypes_h=yes
ac_cv_header_memory_h=yes
ac_cv_header_net_if_h=yes
ac_cv_header_stdbool_h=yes
ac_cv_header_stdc=yes
ac_cv_header_stdint_h=yes
ac_cv_header_stdlib_h=yes
ac_cv_header_string_h=yes
ac_cv_header_strings_h=yes
ac_cv_header_sys_socket_h=yes
ac_cv_header_sys_stat_h=yes
ac_cv_header_sys_time_h=yes
ac_cv_header_sys_types_h=yes
ac_cv_header_unistd_h=yes
ac_cv_host=x86_64-unknown-linux-gnu
ac_cv_objext=o
ac_cv_path_EGREP='/bin/grep -E'
ac_cv_path_FGREP='/bin/grep -F'
ac_cv_path_GREP=/bin/grep
ac_cv_path_SED=/bin/sed
ac_cv_path_install='/usr/bin/install -c'
ac_cv_path_mkdir=/bin/mkdir
ac_cv_prog_AWK=gawk
ac_cv_prog_CPP='gcc -E'
ac_cv_prog_ac_ct_AR=ar
ac_cv_prog_ac_ct_CC=gcc
ac_cv_prog_ac_ct_OBJDUMP=objdump
ac_cv_prog_ac_ct_RANLIB=ranlib
ac_cv_prog_ac_ct_STRIP=strip
ac_cv_prog_cc_c89=
ac_cv_prog_cc_g=yes
ac_cv_prog_cc_gcc_c_o=yes
ac_cv_prog_make_make_set=yes
ac_cv_target=x86_64-unknown-linux-gnu
am_cv_CC_dependencies_compiler_type=gcc3
lt_cv_deplibs_check_method=pass_all
lt_cv_file_magic_cmd='$MAGIC_CMD'
lt_cv_file_magic_test_file=
lt_cv_ld_reload_flag=-r
lt_cv_nm_interface='BSD nm'
lt_cv_objdir=.libs
lt_cv_path_LD=/usr/bin/ld
lt_cv_path_NM='/usr/bin/nm -B'
lt_cv_prog_compiler_c_o=yes
lt_cv_prog_compiler_pic_works=yes
lt_cv_prog_compiler_rtti_exceptions=no
lt_cv_prog_compiler_static_works=no
lt_cv_prog_gnu_ld=yes
lt_cv_sys_global_symbol_pipe='sed -n -e '\''s/^.*[	 ]\([ABCDGIRSTW][ABCDGIRSTW]*\)[	 ][	 ]*\([_A-Za-z][_A-Za-z0-9]*\)$/\1 \2 \2/p'\'''
lt_cv_sys_global_symbol_to_c_name_address='sed -n -e '\''s/^: \([^ ]*\) $/  {\"\1\", (void *) 0},/p'\'' -e '\''s/^[ABCDGIRSTW]* \([^ ]*\) \([^ ]*\)$/  {"\2", (void *) \&\2},/p'\'''
lt_cv_sys_global_symbol_to_c_name_address_lib_prefix='sed -n -e '\''s/^: \([^ ]*\) $/  {\"\1\", (void *) 0},/p'\'' -e '\''s/^[ABCDGIRSTW]* \([^ ]*\) \(lib[^ ]*\)$/  {"\2", (void *) \&\2},/p'\'' -e '\''s/^[ABCDGIRSTW]* \([^ ]*\) \([^ ]*\)$/  {"lib\2", (void *) \&\2},/p'\'''
lt_cv_sys_global_symbol_to_cdecl='sed -n -e '\''s/^T .* \(.*\)$/extern int \1();/p'\'' -e '\''s/^[ABCDGIRSTW]* .* \(.*\)$/extern char \1;/p'\'''
lt_cv_sys_max_cmd_len=1966080

## ----------------- ##
## Output variables. ##
## ----------------- ##

ACLOCAL='${SHELL} /mnt/hgfs/libtr101290/deps/libdvbpsi-1.3.1/.auto/missing --run aclocal-1.11'
AMDEPBACKSLASH='\'
AMDEP_FALSE='#'
AMDEP_TRUE=''
AMTAR='${SHELL} /mnt/hgfs/libtr101290/deps/libdvbpsi-1.3.1/.auto/missing --run tar'
AR='ar'
AS='as'
AUTOCONF='${SHELL} /mnt/hgfs/libtr101290/deps/libdvbpsi-1.3.1/.auto/missing --run autoconf'
AUTOHEADER='${SHELL} /mnt/hgfs/libtr101290/deps/libdvbpsi-1.3.1/.auto/missing --run autoheader'
AUTOMAKE='${SHELL} /mnt/hgfs/libtr101290/deps/libdvbpsi-1.3.1/.auto/missing --run automake-1.11'
AWK='gawk'
CC='gcc'
CCDEPMODE='depmode=gcc3'
CFLAGS='-g -O2 -Wall -std=gnu99 -D_GNU_SOURCE -Wpointer-arith -Wcast-align -Wstrict-prototypes -Wshadow -Waggregate-return -Wmissing-prototypes -Wnested-externs -Wsign-compare -Wcast-qual -DDVBPSI_DIST'
CPP='gcc -E'
CPPFLAGS=''
CYGPATH_W='echo'
DEFS='-DHAVE_CONFIG_H'
DEPDIR='.deps'
DLLTOOL='dlltool'
DSYMUTIL=''
DUMPBIN=''
ECHO_C=''
ECHO_N='-n'
ECHO_T=''
EGREP='/bin/grep -E'
EXEEXT=''
FGREP='/bin/grep -F'
GREP='/bin/grep'
HAVE_SYS_SOCKET_H_FALSE='#'
HAVE_SYS_SOCKET_H_TRUE=''
INSTALL_DATA='${INSTALL} -m 644'
INSTALL_PROGRAM='${INSTALL}'
INSTALL_SCRIPT='${INSTALL}'
INSTALL_STRIP_PROGRAM='$(install_sh) -c -s'
LD='/usr/bin/ld -m elf_x86_64'
LDFLAGS=''
LIBOBJS=''
LIBS=''
LIBTOOL='$(SHELL) $(top_builddir)/libtool'
LIPO=''
LN_S='ln -s'
LTLIBOBJS=''
MAKEINFO='${SHELL} /mnt/hgfs/libtr101290/deps/libdvbpsi-1.3.1/.auto/missing --run makeinfo'
MKDIR_P='/bin/mkdir -p'
NM='/usr/bin/nm -B'
NMEDIT=''
OBJDUMP='objdump'
OBJEXT='o'
OTOOL64=''
OTOOL=''
PACKAGE='libdvbpsi'
PACKAGE_BUGREPORT=''
PACKAGE_NAME='libdvbpsi'
PACKAGE_STRING='libdvbpsi 1.3.1'
PACKAGE_TARNAME='libdvbpsi'
PACKAGE_VERSION='1.3.1'
PATH_SEPARATOR=':'
RANLIB='ranlib'
SED='/bin/sed'
SET_MAKE=''
SHELL='/bin/sh'
STRIP='strip'
VERSION='1.3.1'
ac_ct_CC='gcc'
ac_ct_DUMPBIN=''
am__EXEEXT_FALSE=''
am__EXEEXT_TRUE='#'
am__fastdepCC_FALSE='#'
am__fastdepCC_TRUE=''
am__include='include'
am__isrc=''
am__leading_dot='.'
am__quote=''
am__tar='${AMTAR} chof - "$$tardir"'
am__untar='${AMTAR} xf -'
bindir='${exec_prefix}/bin'
build='x86_64-unknown-linux-gnu'
build_alias=''
build_cpu='x86_64'
build_os='linux-gnu'
build_vendor='unknown'
datadir='${datarootdir}'
datarootdir='${prefix}/share'
docdir='${datarootdir}/doc/${PACKAGE_TARNAME}'
dvidir='${docdir}'
exec_prefix='${prefix}'
host='x86_64-unknown-linux-gnu'
host_alias=''
host_cpu='x86_64'
host_os='linux-gnu'
host_vendor='unknown'
htmldir='${docdir}'
includedir='${prefix}/include'
infodir='${datarootdir}/info'
install_sh='${SHELL} /mnt/hgfs/libtr101290/deps/libdvbpsi-1.3.1/.auto/install-sh'
libdir='${exec_prefix}/lib'
libexecdir='${exec_prefix}/libexec'
localedir='${datarootdir}/locale'
localstatedir='${prefix}/var'
lt_ECHO='echo'
mandir='${datarootdir}/man'
mkdir_p='/bin/mkdir -p'
oldincludedir='/usr/include'
pdfdir='${docdir}'
prefix='/mnt/hgfs/libtr101290/deps/libdvbpsi-1.3.1/sdk'
program_transform_name='s,x,x,'
psdir='${docdir}'
sbindir='${exec_prefix}/sbin'
sharedstatedir='${prefix}/com'
sysconfdir='${prefix}/etc'
target='x86_64-unknown-linux-gnu'
target_alias=''
target_cpu='x86_64'
target_os='linux-gnu'
target_vendor='unknown'

## ----------- ##
## confdefs.h. ##
## ----------- ##

#define PACKAGE_NAME "libdvbpsi"
#define PACKAGE_TARNAME "libdvbpsi"
#define PACKAGE_VERSION "1.3.1"
#define PACKAGE_STRING "libdvbpsi 1.3.1"
#define PACKAGE_BUGREPORT ""
#define PACKAGE "libdvbpsi"
#define VERSION "1.3.1"
#define STDC_HEADERS 1
#define HAVE_SYS_TYPES_H 1
#define HAVE_SYS_STAT_H 1
#define HAVE_STDLIB_H 1
#define HAVE_STRING_H 1
#define HAVE_MEMORY_H 1
#define HAVE_STRINGS_H 1
#define HAVE_INTTYPES_H 1
#define HAVE_STDINT_H 1
#define HAVE_UNISTD_H 1
#define HAVE_DLFCN_H 1
#define LT_OBJDIR ".libs/"
#define HAVE_STDBOOL_H 1
#define HAVE_STDINT_H 1
#define HAVE_INTTYPES_H 1
#define HAVE_GETOPT_H 1
#define HAVE_STRINGS_H 1
#define HAVE_SYS_TIME_H 1
#define HAVE_SYS_SOCKET_H 1
#define HAVE_NET_IF_H 1
#define HAVE_VARIADIC_MACROS 1
#define HAVE_ASPRINTF 1

configure: exit 0
